<?xml version="1.0" encoding="UTF-8"?>
<!-- Generated by org.testng.reporters.JUnitXMLReporter -->
<testsuite ignored="3" hostname="Jista_George" failures="0" tests="1" name="EdgeTest" time="33.477" errors="0" timestamp="2024-08-02T21:34:56 IST">
  <testcase classname="testscripts.LoginTest" name="verifyUserLoginWithCorrectUsernameAndWrongPassword" time="1.441"/>
  <testcase classname="testscripts.LoginTest" name="verifyUserLoginWithCorrectUsernameAndPassword" time="0.0">
    <ignored/>
  </testcase> <!-- verifyUserLoginWithCorrectUsernameAndPassword -->
  <testcase classname="testscripts.LoginTest" name="verifyUserLoginWithWrongUsernameAndCorrectPassword" time="0.0">
    <ignored/>
  </testcase> <!-- verifyUserLoginWithWrongUsernameAndCorrectPassword -->
  <testcase classname="testscripts.LoginTest" name="verifyUserLoginWithWrongUsernameAndPassword" time="0.0">
    <ignored/>
  </testcase> <!-- verifyUserLoginWithWrongUsernameAndPassword -->
</testsuite> <!-- EdgeTest -->
