<?xml version="1.0" encoding="UTF-8"?>
<!-- Generated by org.testng.reporters.JUnitXMLReporter -->
<testsuite ignored="3" hostname="Jista_George" failures="0" tests="2" name="Test" time="6.849" errors="0" timestamp="2024-08-05T15:25:54 IST">
  <testcase classname="testscripts.LoginTest" name="verifyUserLoginWithCorrectUsernameAndPassword" time="1.333"/>
  <testcase classname="testscripts.ManageNewsTest" name="verifyHeaderOfManageNewsTable" time="0.781"/>
  <testcase classname="testscripts.LoginTest" name="verifyUserLoginWithCorrectUsernameAndWrongPassword" time="0.0">
    <ignored/>
  </testcase> <!-- verifyUserLoginWithCorrectUsernameAndWrongPassword -->
  <testcase classname="testscripts.LoginTest" name="verifyUserLoginWithWrongUsernameAndPassword" time="0.0">
    <ignored/>
  </testcase> <!-- verifyUserLoginWithWrongUsernameAndPassword -->
  <testcase classname="testscripts.LoginTest" name="verifyUserLoginWithWrongUsernameAndCorrectPassword" time="0.0">
    <ignored/>
  </testcase> <!-- verifyUserLoginWithWrongUsernameAndCorrectPassword -->
</testsuite> <!-- Test -->
