<?xml version="1.0" encoding="UTF-8"?>
<!-- Generated by org.testng.reporters.JUnitXMLReporter -->
<testsuite ignored="2" hostname="Jista_George" failures="0" tests="1" name="Default test" time="6.087" errors="0" timestamp="2024-07-27T20:28:29 IST">
  <testcase classname="testscripts.AdminUsersTest" name="addNewUserToAdminUserTable" time="2.909"/>
  <testcase classname="testscripts.AdminUsersTest" name="verifyResetFunctionOfSearchedAdminUser" time="0.0">
    <ignored/>
  </testcase> <!-- verifyResetFunctionOfSearchedAdminUser -->
  <testcase classname="testscripts.AdminUsersTest" name="verifySearchedAdminUserNameDisplayedOnSearchResultsTable" time="0.0">
    <ignored/>
  </testcase> <!-- verifySearchedAdminUserNameDisplayedOnSearchResultsTable -->
</testsuite> <!-- Default test -->
