<?xml version="1.0" encoding="UTF-8"?>
<!-- Generated by org.testng.reporters.JUnitXMLReporter -->
<testsuite ignored="0" hostname="Jista_George" failures="0" tests="4" name="Default test" time="8.827" errors="0" timestamp="2024-07-16T21:51:31 IST">
  <testcase classname="MyProject_TestScripts.VerifyLoginPage" name="verifyUserLoginWithCorrectUsernameAndPassword" time="0.563"/>
  <testcase classname="MyProject_TestScripts.VerifyLoginPage" name="verifyUserLoginWithCorrectUsernameAndWrongPassword" time="0.376"/>
  <testcase classname="MyProject_TestScripts.VerifyLoginPage" name="verifyUserLoginWithWrongUsernameAndCorrectPassword" time="0.368"/>
  <testcase classname="MyProject_TestScripts.VerifyLoginPage" name="verifyUserLoginWithWrongUsernameAndPassword" time="0.346"/>
</testsuite> <!-- Default test -->
