<?xml version="1.0" encoding="UTF-8"?>
<testng-results ignored="0" total="1" passed="1" failed="0" skipped="0">
  <reporter-output>
  </reporter-output>
  <suite started-at="2024-07-28T12:37:24 IST" name="Default suite" finished-at="2024-07-28T12:37:28 IST" duration-ms="3702">
    <groups>
    </groups>
    <test started-at="2024-07-28T12:37:24 IST" name="Default test" finished-at="2024-07-28T12:37:28 IST" duration-ms="3702">
      <class name="testscripts.ListCategoryTest">
        <test-method is-config="true" signature="initializeBrowser()[pri:0, instance:testscripts.ListCategoryTest@1b7cc17c]" started-at="2024-07-28T12:37:24 IST" name="initializeBrowser" finished-at="2024-07-28T12:37:26 IST" duration-ms="1931" status="PASS">
          <reporter-output>
          </reporter-output>
        </test-method> <!-- initializeBrowser -->
        <test-method signature="verifyCategoryExistsInTable()[pri:0, instance:testscripts.ListCategoryTest@1b7cc17c]" started-at="2024-07-28T12:37:26 IST" name="verifyCategoryExistsInTable" finished-at="2024-07-28T12:37:28 IST" duration-ms="1572" status="PASS">
          <reporter-output>
          </reporter-output>
        </test-method> <!-- verifyCategoryExistsInTable -->
        <test-method is-config="true" signature="driverQuit()[pri:0, instance:testscripts.ListCategoryTest@1b7cc17c]" started-at="2024-07-28T12:37:28 IST" name="driverQuit" finished-at="2024-07-28T12:37:28 IST" duration-ms="146" status="PASS">
          <reporter-output>
          </reporter-output>
        </test-method> <!-- driverQuit -->
      </class> <!-- testscripts.ListCategoryTest -->
    </test> <!-- Default test -->
  </suite> <!-- Default suite -->
</testng-results>
