<?xml version="1.0" encoding="UTF-8"?>
<testng-results ignored="0" total="4" passed="4" failed="0" skipped="0">
  <reporter-output>
  </reporter-output>
  <suite started-at="2024-07-16T21:51:22 IST" name="Default suite" finished-at="2024-07-16T21:51:31 IST" duration-ms="8827">
    <groups>
    </groups>
    <test started-at="2024-07-16T21:51:22 IST" name="Default test" finished-at="2024-07-16T21:51:31 IST" duration-ms="8827">
      <class name="MyProject_TestScripts.VerifyLoginPage">
        <test-method is-config="true" signature="initializeBrowser()[pri:0, instance:MyProject_TestScripts.VerifyLoginPage@564fabc8]" started-at="2024-07-16T21:51:22 IST" name="initializeBrowser" finished-at="2024-07-16T21:51:24 IST" duration-ms="2014" status="PASS">
          <reporter-output>
          </reporter-output>
        </test-method> <!-- initializeBrowser -->
        <test-method signature="verifyUserLoginWithCorrectUsernameAndPassword()[pri:0, instance:MyProject_TestScripts.VerifyLoginPage@564fabc8]" started-at="2024-07-16T21:51:24 IST" name="verifyUserLoginWithCorrectUsernameAndPassword" finished-at="2024-07-16T21:51:24 IST" duration-ms="563" status="PASS">
          <reporter-output>
          </reporter-output>
        </test-method> <!-- verifyUserLoginWithCorrectUsernameAndPassword -->
        <test-method is-config="true" signature="driverQuit()[pri:0, instance:MyProject_TestScripts.VerifyLoginPage@564fabc8]" started-at="2024-07-16T21:51:24 IST" name="driverQuit" finished-at="2024-07-16T21:51:24 IST" duration-ms="125" status="PASS">
          <reporter-output>
          </reporter-output>
        </test-method> <!-- driverQuit -->
        <test-method is-config="true" signature="initializeBrowser()[pri:0, instance:MyProject_TestScripts.VerifyLoginPage@564fabc8]" started-at="2024-07-16T21:51:24 IST" name="initializeBrowser" finished-at="2024-07-16T21:51:26 IST" duration-ms="1564" status="PASS">
          <reporter-output>
          </reporter-output>
        </test-method> <!-- initializeBrowser -->
        <test-method signature="verifyUserLoginWithCorrectUsernameAndWrongPassword()[pri:0, instance:MyProject_TestScripts.VerifyLoginPage@564fabc8]" started-at="2024-07-16T21:51:26 IST" name="verifyUserLoginWithCorrectUsernameAndWrongPassword" finished-at="2024-07-16T21:51:26 IST" duration-ms="376" status="PASS">
          <reporter-output>
          </reporter-output>
        </test-method> <!-- verifyUserLoginWithCorrectUsernameAndWrongPassword -->
        <test-method is-config="true" signature="driverQuit()[pri:0, instance:MyProject_TestScripts.VerifyLoginPage@564fabc8]" started-at="2024-07-16T21:51:26 IST" name="driverQuit" finished-at="2024-07-16T21:51:27 IST" duration-ms="137" status="PASS">
          <reporter-output>
          </reporter-output>
        </test-method> <!-- driverQuit -->
        <test-method is-config="true" signature="initializeBrowser()[pri:0, instance:MyProject_TestScripts.VerifyLoginPage@564fabc8]" started-at="2024-07-16T21:51:27 IST" name="initializeBrowser" finished-at="2024-07-16T21:51:28 IST" duration-ms="1505" status="PASS">
          <reporter-output>
          </reporter-output>
        </test-method> <!-- initializeBrowser -->
        <test-method signature="verifyUserLoginWithWrongUsernameAndCorrectPassword()[pri:0, instance:MyProject_TestScripts.VerifyLoginPage@564fabc8]" started-at="2024-07-16T21:51:28 IST" name="verifyUserLoginWithWrongUsernameAndCorrectPassword" finished-at="2024-07-16T21:51:28 IST" duration-ms="368" status="PASS">
          <reporter-output>
          </reporter-output>
        </test-method> <!-- verifyUserLoginWithWrongUsernameAndCorrectPassword -->
        <test-method is-config="true" signature="driverQuit()[pri:0, instance:MyProject_TestScripts.VerifyLoginPage@564fabc8]" started-at="2024-07-16T21:51:28 IST" name="driverQuit" finished-at="2024-07-16T21:51:29 IST" duration-ms="142" status="PASS">
          <reporter-output>
          </reporter-output>
        </test-method> <!-- driverQuit -->
        <test-method is-config="true" signature="initializeBrowser()[pri:0, instance:MyProject_TestScripts.VerifyLoginPage@564fabc8]" started-at="2024-07-16T21:51:29 IST" name="initializeBrowser" finished-at="2024-07-16T21:51:30 IST" duration-ms="1494" status="PASS">
          <reporter-output>
          </reporter-output>
        </test-method> <!-- initializeBrowser -->
        <test-method signature="verifyUserLoginWithWrongUsernameAndPassword()[pri:0, instance:MyProject_TestScripts.VerifyLoginPage@564fabc8]" started-at="2024-07-16T21:51:30 IST" name="verifyUserLoginWithWrongUsernameAndPassword" finished-at="2024-07-16T21:51:30 IST" duration-ms="346" status="PASS">
          <reporter-output>
          </reporter-output>
        </test-method> <!-- verifyUserLoginWithWrongUsernameAndPassword -->
        <test-method is-config="true" signature="driverQuit()[pri:0, instance:MyProject_TestScripts.VerifyLoginPage@564fabc8]" started-at="2024-07-16T21:51:30 IST" name="driverQuit" finished-at="2024-07-16T21:51:31 IST" duration-ms="135" status="PASS">
          <reporter-output>
          </reporter-output>
        </test-method> <!-- driverQuit -->
      </class> <!-- MyProject_TestScripts.VerifyLoginPage -->
    </test> <!-- Default test -->
  </suite> <!-- Default suite -->
</testng-results>
