<?xml version="1.0" encoding="UTF-8"?>
<!-- Generated by org.testng.reporters.JUnitXMLReporter -->
<testsuite ignored="3" hostname="Jista_George" failures="0" tests="2" name="Test" time="4.416" errors="0" timestamp="2024-07-30T12:53:37 IST">
  <testcase classname="testscripts.LoginTest" name="verifyUserLoginWithCorrectUsernameAndPassword" time="0.619"/>
  <testcase classname="testscripts.ManageNewsTest" name="verifyHeaderOfManageNewsTable" time="1.864"/>
  <testcase classname="testscripts.LoginTest" name="verifyUserLoginWithWrongUsernameAndCorrectPassword" time="0.0">
    <ignored/>
  </testcase> <!-- verifyUserLoginWithWrongUsernameAndCorrectPassword -->
  <testcase classname="testscripts.LoginTest" name="verifyUserLoginWithCorrectUsernameAndWrongPassword" time="0.0">
    <ignored/>
  </testcase> <!-- verifyUserLoginWithCorrectUsernameAndWrongPassword -->
  <testcase classname="testscripts.LoginTest" name="verifyUserLoginWithWrongUsernameAndPassword" time="0.0">
    <ignored/>
  </testcase> <!-- verifyUserLoginWithWrongUsernameAndPassword -->
</testsuite> <!-- Test -->
